0 info it worked if it ends with ok
1 verbose cli [ '/usr/local/Cellar/node/7.7.3/bin/node',
1 verbose cli   '/usr/local/bin/npm',
1 verbose cli   'run',
1 verbose cli   'deploy' ]
2 info using npm@4.1.2
3 info using node@v7.7.3
4 verbose run-script [ 'predeploy', 'deploy', 'postdeploy' ]
5 info lifecycle aframe-hello-world-boilerplate@0.3.0~predeploy: aframe-hello-world-boilerplate@0.3.0
6 silly lifecycle aframe-hello-world-boilerplate@0.3.0~predeploy: no script for predeploy, continuing
7 info lifecycle aframe-hello-world-boilerplate@0.3.0~deploy: aframe-hello-world-boilerplate@0.3.0
8 verbose lifecycle aframe-hello-world-boilerplate@0.3.0~deploy: unsafe-perm in lifecycle true
9 verbose lifecycle aframe-hello-world-boilerplate@0.3.0~deploy: PATH: /usr/local/lib/node_modules/npm/bin/node-gyp-bin:/Users/kalwell/Desktop/HomeProjs/vr-resume/node_modules/.bin:/usr/local/bin:/usr/bin:/bin:/usr/sbin:/sbin:/usr/local/sbin
10 verbose lifecycle aframe-hello-world-boilerplate@0.3.0~deploy: CWD: /Users/kalwell/Desktop/HomeProjs/vr-resume
11 silly lifecycle aframe-hello-world-boilerplate@0.3.0~deploy: Args: [ '-c', 'ghpages' ]
12 silly lifecycle aframe-hello-world-boilerplate@0.3.0~deploy: Returned: code: 1  signal: null
13 info lifecycle aframe-hello-world-boilerplate@0.3.0~deploy: Failed to exec deploy script
14 verbose stack Error: aframe-hello-world-boilerplate@0.3.0 deploy: `ghpages`
14 verbose stack Exit status 1
14 verbose stack     at EventEmitter.<anonymous> (/usr/local/lib/node_modules/npm/lib/utils/lifecycle.js:279:16)
14 verbose stack     at emitTwo (events.js:106:13)
14 verbose stack     at EventEmitter.emit (events.js:194:7)
14 verbose stack     at ChildProcess.<anonymous> (/usr/local/lib/node_modules/npm/lib/utils/spawn.js:40:14)
14 verbose stack     at emitTwo (events.js:106:13)
14 verbose stack     at ChildProcess.emit (events.js:194:7)
14 verbose stack     at maybeClose (internal/child_process.js:899:16)
14 verbose stack     at Process.ChildProcess._handle.onexit (internal/child_process.js:226:5)
15 verbose pkgid aframe-hello-world-boilerplate@0.3.0
16 verbose cwd /Users/kalwell/Desktop/HomeProjs/vr-resume
17 error Darwin 16.4.0
18 error argv "/usr/local/Cellar/node/7.7.3/bin/node" "/usr/local/bin/npm" "run" "deploy"
19 error node v7.7.3
20 error npm  v4.1.2
21 error code ELIFECYCLE
22 error aframe-hello-world-boilerplate@0.3.0 deploy: `ghpages`
22 error Exit status 1
23 error Failed at the aframe-hello-world-boilerplate@0.3.0 deploy script 'ghpages'.
23 error Make sure you have the latest version of node.js and npm installed.
23 error If you do, this is most likely a problem with the aframe-hello-world-boilerplate package,
23 error not with npm itself.
23 error Tell the author that this fails on your system:
23 error     ghpages
23 error You can get information on how to open an issue for this project with:
23 error     npm bugs aframe-hello-world-boilerplate
23 error Or if that isn't available, you can get their info via:
23 error     npm owner ls aframe-hello-world-boilerplate
23 error There is likely additional logging output above.
24 verbose exit [ 1, true ]
